Error: Not an HTTP method
 /errors/invalid-path-definition/app.ts:4:5
   2 | export default {
   3 |   ["/asd"]: {
 > 4 |     [`/GET/hello/{id}`]: async (id: string) => id,
     |     ^^^^^^^^^^^^^^^^^^^ Not an HTTP method
   5 |     a: 1,
   6 |     b() {
   7 |       return 1;

Error: Return annotation is required
 /errors/invalid-path-definition/app.ts:4:26
   2 | export default {
   3 |   ["/asd"]: {
 > 4 |     [`/GET/hello/{id}`]: async (id: string) => id,
     |                          ^^^^^^^^^^^^^^^^^^^^^^^^ Return annotation is required
   5 |     a: 1,
   6 |     b() {
   7 |       return 1;

Error: Not an HTTP method
 /errors/invalid-path-definition/app.ts:4:5
   2 | export default {
   3 |   ["/asd"]: {
 > 4 |     [`/GET/hello/{id}`]: async (id: string) => id,
     |     ^^^^^^^^^^^^^^^^^^^ Not an HTTP method
   5 |     a: 1,
   6 |     b() {
   7 |       return 1;

Error: Not an HTTP method
 /errors/invalid-path-definition/app.ts:5:5
   3 |   ["/asd"]: {
   4 |     [`/GET/hello/{id}`]: async (id: string) => id,
 > 5 |     a: 1,
     |     ^ Not an HTTP method
   6 |     b() {
   7 |       return 1;
   8 |     },

Error: Not an object with method kind
 /errors/invalid-path-definition/app.ts:5:5
   3 |   ["/asd"]: {
   4 |     [`/GET/hello/{id}`]: async (id: string) => id,
 > 5 |     a: 1,
     |     ^ Not an object with method kind
   6 |     b() {
   7 |       return 1;
   8 |     },

Error: Not an object with method kind
 /errors/invalid-path-definition/app.ts:6:5
   4 |     [`/GET/hello/{id}`]: async (id: string) => id,
   5 |     a: 1,
 > 6 |     b() {
     |     ^ Not an object with method kind
   7 |       return 1;
   8 |     },
   9 |     get c() {

Error: Not an object with method kind
 /errors/invalid-path-definition/app.ts:9:5
    7 |       return 1;
    8 |     },
 >  9 |     get c() {
      |     ^^^^^^^^^
 > 10 |       return 1;
      | ^^^^^^^^^^^^^^^
 > 11 |     },
      | ^^^^^^ Not an object with method kind
   12 |     set c(v) {},
   13 |     [`/AAAAAAAAAAAAAAAAAAGETOOOO/hello/{id}`]: async (id: string): Promise<string> => id,
   14 |     [`/GETOOOO/hello/{id}`]: async (id: string): Promise<string> => id,

Error: Not an object with method kind
 /errors/invalid-path-definition/app.ts:12:5
   10 |       return 1;
   11 |     },
 > 12 |     set c(v) {},
      |     ^^^^^^^^^^^ Not an object with method kind
   13 |     [`/AAAAAAAAAAAAAAAAAAGETOOOO/hello/{id}`]: async (id: string): Promise<string> => id,
   14 |     [`/GETOOOO/hello/{id}`]: async (id: string): Promise<string> => id,
   15 |     ...d,

Error: Not an HTTP method
 /errors/invalid-path-definition/app.ts:13:5
   11 |     },
   12 |     set c(v) {},
 > 13 |     [`/AAAAAAAAAAAAAAAAAAGETOOOO/hello/{id}`]: async (id: string): Promise<string> => id,
      |     ^^^^^^^^^^^^^^^^^^^^^^^^^^^^^^^^^^^^^^^^^ Not an HTTP method
   14 |     [`/GETOOOO/hello/{id}`]: async (id: string): Promise<string> => id,
   15 |     ...d,
   16 |     [`/GET/hello2/{id}`]: async function* (id: string): Promise<string> {

Error: Not an HTTP method
 /errors/invalid-path-definition/app.ts:13:5
   11 |     },
   12 |     set c(v) {},
 > 13 |     [`/AAAAAAAAAAAAAAAAAAGETOOOO/hello/{id}`]: async (id: string): Promise<string> => id,
      |     ^^^^^^^^^^^^^^^^^^^^^^^^^^^^^^^^^^^^^^^^^ Not an HTTP method
   14 |     [`/GETOOOO/hello/{id}`]: async (id: string): Promise<string> => id,
   15 |     ...d,
   16 |     [`/GET/hello2/{id}`]: async function* (id: string): Promise<string> {

Error: Not an HTTP method
 /errors/invalid-path-definition/app.ts:14:5
   12 |     set c(v) {},
   13 |     [`/AAAAAAAAAAAAAAAAAAGETOOOO/hello/{id}`]: async (id: string): Promise<string> => id,
 > 14 |     [`/GETOOOO/hello/{id}`]: async (id: string): Promise<string> => id,
      |     ^^^^^^^^^^^^^^^^^^^^^^^ Not an HTTP method
   15 |     ...d,
   16 |     [`/GET/hello2/{id}`]: async function* (id: string): Promise<string> {
   17 |       return id;

Error: Not an HTTP method
 /errors/invalid-path-definition/app.ts:14:5
   12 |     set c(v) {},
   13 |     [`/AAAAAAAAAAAAAAAAAAGETOOOO/hello/{id}`]: async (id: string): Promise<string> => id,
 > 14 |     [`/GETOOOO/hello/{id}`]: async (id: string): Promise<string> => id,
      |     ^^^^^^^^^^^^^^^^^^^^^^^ Not an HTTP method
   15 |     ...d,
   16 |     [`/GET/hello2/{id}`]: async function* (id: string): Promise<string> {
   17 |       return id;

Error: Spread props are not supported on method maps
 /errors/invalid-path-definition/app.ts:15:5
   13 |     [`/AAAAAAAAAAAAAAAAAAGETOOOO/hello/{id}`]: async (id: string): Promise<string> => id,
   14 |     [`/GETOOOO/hello/{id}`]: async (id: string): Promise<string> => id,
 > 15 |     ...d,
      |     ^^^ Spread props are not supported on method maps
   16 |     [`/GET/hello2/{id}`]: async function* (id: string): Promise<string> {
   17 |       return id;
   18 |     },

Error: Not an HTTP method
 /errors/invalid-path-definition/app.ts:16:5
   14 |     [`/GETOOOO/hello/{id}`]: async (id: string): Promise<string> => id,
   15 |     ...d,
 > 16 |     [`/GET/hello2/{id}`]: async function* (id: string): Promise<string> {
      |     ^^^^^^^^^^^^^^^^^^^^ Not an HTTP method
   17 |       return id;
   18 |     },
   19 |     [`/GET/hello3/{id}`]: <T>(id: string): string => id,

Error: Handler cannot be a generator
 /errors/invalid-path-definition/app.ts:16:27
   14 |     [`/GETOOOO/hello/{id}`]: async (id: string): Promise<string> => id,
   15 |     ...d,
 > 16 |     [`/GET/hello2/{id}`]: async function* (id: string): Promise<string> {
      |                           ^^^^^^^^^^^^^^^^^^^^^^^^^^^^^^^^^^^^^^^^^^^^^^^
 > 17 |       return id;
      | ^^^^^^^^^^^^^^^^
 > 18 |     },
      | ^^^^^^ Handler cannot be a generator
   19 |     [`/GET/hello3/{id}`]: <T>(id: string): string => id,
   20 |     [`/GET/hello4/{id}`]: async <T>(id: string): Promise<string> => id,
   21 |     [`/GET/hello5/{id}`]: async <T>(id: T): Promise<T> => id,

Error: Not an HTTP method
 /errors/invalid-path-definition/app.ts:19:5
   17 |       return id;
   18 |     },
 > 19 |     [`/GET/hello3/{id}`]: <T>(id: string): string => id,
      |     ^^^^^^^^^^^^^^^^^^^^ Not an HTTP method
   20 |     [`/GET/hello4/{id}`]: async <T>(id: string): Promise<string> => id,
   21 |     [`/GET/hello5/{id}`]: async <T>(id: T): Promise<T> => id,
   22 |   },

Error: Handler cannot have type parameters
 /errors/invalid-path-definition/app.ts:19:27
   17 |       return id;
   18 |     },
 > 19 |     [`/GET/hello3/{id}`]: <T>(id: string): string => id,
      |                           ^^^^^^^^^^^^^^^^^^^^^^^^^^^^^ Handler cannot have type parameters
   20 |     [`/GET/hello4/{id}`]: async <T>(id: string): Promise<string> => id,
   21 |     [`/GET/hello5/{id}`]: async <T>(id: T): Promise<T> => id,
   22 |   },

Error: Not an HTTP method
 /errors/invalid-path-definition/app.ts:20:5
   18 |     },
   19 |     [`/GET/hello3/{id}`]: <T>(id: string): string => id,
 > 20 |     [`/GET/hello4/{id}`]: async <T>(id: string): Promise<string> => id,
      |     ^^^^^^^^^^^^^^^^^^^^ Not an HTTP method
   21 |     [`/GET/hello5/{id}`]: async <T>(id: T): Promise<T> => id,
   22 |   },
   23 |   [`/GET/hello/{id}`]: async (id: string) => id,

Error: Handler cannot have type parameters
 /errors/invalid-path-definition/app.ts:20:27
   18 |     },
   19 |     [`/GET/hello3/{id}`]: <T>(id: string): string => id,
 > 20 |     [`/GET/hello4/{id}`]: async <T>(id: string): Promise<string> => id,
      |                           ^^^^^^^^^^^^^^^^^^^^^^^^^^^^^^^^^^^^^^^^^^^^ Handler cannot have type parameters
   21 |     [`/GET/hello5/{id}`]: async <T>(id: T): Promise<T> => id,
   22 |   },
   23 |   [`/GET/hello/{id}`]: async (id: string) => id,

Error: Not an HTTP method
 /errors/invalid-path-definition/app.ts:21:5
   19 |     [`/GET/hello3/{id}`]: <T>(id: string): string => id,
   20 |     [`/GET/hello4/{id}`]: async <T>(id: string): Promise<string> => id,
 > 21 |     [`/GET/hello5/{id}`]: async <T>(id: T): Promise<T> => id,
      |     ^^^^^^^^^^^^^^^^^^^^ Not an HTTP method
   22 |   },
   23 |   [`/GET/hello/{id}`]: async (id: string) => id,
   24 |   a: 1,

Error: Handler cannot have type parameters
 /errors/invalid-path-definition/app.ts:21:27
   19 |     [`/GET/hello3/{id}`]: <T>(id: string): string => id,
   20 |     [`/GET/hello4/{id}`]: async <T>(id: string): Promise<string> => id,
 > 21 |     [`/GET/hello5/{id}`]: async <T>(id: T): Promise<T> => id,
      |                           ^^^^^^^^^^^^^^^^^^^^^^^^^^^^^^^^^^ Handler cannot have type parameters
   22 |   },
   23 |   [`/GET/hello/{id}`]: async (id: string) => id,
   24 |   a: 1,

Error: Not an object with method kind
 /errors/invalid-path-definition/app.ts:23:3
   21 |     [`/GET/hello5/{id}`]: async <T>(id: T): Promise<T> => id,
   22 |   },
 > 23 |   [`/GET/hello/{id}`]: async (id: string) => id,
      |   ^^^^^^^^^^^^^^^^^^^ Not an object with method kind
   24 |   a: 1,
   25 |   b() {
   26 |     return 1;

Error: Path must start with a dash
 /errors/invalid-path-definition/app.ts:24:3
   22 |   },
   23 |   [`/GET/hello/{id}`]: async (id: string) => id,
 > 24 |   a: 1,
      |   ^ Path must start with a dash
   25 |   b() {
   26 |     return 1;
   27 |   },

Error: Not an object with method kind
 /errors/invalid-path-definition/app.ts:25:3
   23 |   [`/GET/hello/{id}`]: async (id: string) => id,
   24 |   a: 1,
 > 25 |   b() {
      |   ^ Not an object with method kind
   26 |     return 1;
   27 |   },
   28 |   get c() {

Error: Not an object with method kind
 /errors/invalid-path-definition/app.ts:28:3
   26 |     return 1;
   27 |   },
 > 28 |   get c() {
      |   ^^^^^^^^^
 > 29 |     return 1;
      | ^^^^^^^^^^^^^
 > 30 |   },
      | ^^^^ Not an object with method kind
   31 |   set c(v) {},
   32 |   [`/AAAAAAAAAAAAAAAAAAGETOOOO/hello/{id}`]: async (id: string): Promise<string> => id,
   33 |   [`/GETOOOO/hello/{id}`]: async (id: string): Promise<string> => id,

Error: Not an object with method kind
 /errors/invalid-path-definition/app.ts:31:3
   29 |     return 1;
   30 |   },
 > 31 |   set c(v) {},
      |   ^^^^^^^^^^^ Not an object with method kind
   32 |   [`/AAAAAAAAAAAAAAAAAAGETOOOO/hello/{id}`]: async (id: string): Promise<string> => id,
   33 |   [`/GETOOOO/hello/{id}`]: async (id: string): Promise<string> => id,
   34 |   ...d,

Error: Not an object with method kind
 /errors/invalid-path-definition/app.ts:32:3
   30 |   },
   31 |   set c(v) {},
 > 32 |   [`/AAAAAAAAAAAAAAAAAAGETOOOO/hello/{id}`]: async (id: string): Promise<string> => id,
      |   ^^^^^^^^^^^^^^^^^^^^^^^^^^^^^^^^^^^^^^^^^ Not an object with method kind
   33 |   [`/GETOOOO/hello/{id}`]: async (id: string): Promise<string> => id,
   34 |   ...d,
   35 |   [`/GET/hello2/{id}`]: async function* (id: string): Promise<string> {

Error: Not an object with method kind
 /errors/invalid-path-definition/app.ts:33:3
   31 |   set c(v) {},
   32 |   [`/AAAAAAAAAAAAAAAAAAGETOOOO/hello/{id}`]: async (id: string): Promise<string> => id,
 > 33 |   [`/GETOOOO/hello/{id}`]: async (id: string): Promise<string> => id,
      |   ^^^^^^^^^^^^^^^^^^^^^^^ Not an object with method kind
   34 |   ...d,
   35 |   [`/GET/hello2/{id}`]: async function* (id: string): Promise<string> {
   36 |     return id;

Error: Not an object with method kind
 /errors/invalid-path-definition/app.ts:35:3
   33 |   [`/GETOOOO/hello/{id}`]: async (id: string): Promise<string> => id,
   34 |   ...d,
 > 35 |   [`/GET/hello2/{id}`]: async function* (id: string): Promise<string> {
      |   ^^^^^^^^^^^^^^^^^^^^ Not an object with method kind
   36 |     return id;
   37 |   },
   38 |   [`/GET/hello3/{id}`]: <T>(id: string): string => id,

Error: Not an object with method kind
 /errors/invalid-path-definition/app.ts:38:3
   36 |     return id;
   37 |   },
 > 38 |   [`/GET/hello3/{id}`]: <T>(id: string): string => id,
      |   ^^^^^^^^^^^^^^^^^^^^ Not an object with method kind
   39 |   [`/GET/hello4/{id}`]: async <T>(id: string): Promise<string> => id,
   40 |   [`/GET/hello5/{id}`]: async <T>(id: T): Promise<T> => id,
   41 |   [`GET/hello5/{id}`]: async <T>(id: T): Promise<T> => id,

Error: Not an object with method kind
 /errors/invalid-path-definition/app.ts:39:3
   37 |   },
   38 |   [`/GET/hello3/{id}`]: <T>(id: string): string => id,
 > 39 |   [`/GET/hello4/{id}`]: async <T>(id: string): Promise<string> => id,
      |   ^^^^^^^^^^^^^^^^^^^^ Not an object with method kind
   40 |   [`/GET/hello5/{id}`]: async <T>(id: T): Promise<T> => id,
   41 |   [`GET/hello5/{id}`]: async <T>(id: T): Promise<T> => id,
   42 | };

Error: Not an object with method kind
 /errors/invalid-path-definition/app.ts:40:3
   38 |   [`/GET/hello3/{id}`]: <T>(id: string): string => id,
   39 |   [`/GET/hello4/{id}`]: async <T>(id: string): Promise<string> => id,
 > 40 |   [`/GET/hello5/{id}`]: async <T>(id: T): Promise<T> => id,
      |   ^^^^^^^^^^^^^^^^^^^^ Not an object with method kind
   41 |   [`GET/hello5/{id}`]: async <T>(id: T): Promise<T> => id,
   42 | };
   43 |

Error: Path must start with a dash
 /errors/invalid-path-definition/app.ts:41:4
   39 |   [`/GET/hello4/{id}`]: async <T>(id: string): Promise<string> => id,
   40 |   [`/GET/hello5/{id}`]: async <T>(id: T): Promise<T> => id,
 > 41 |   [`GET/hello5/{id}`]: async <T>(id: T): Promise<T> => id,
      |    ^^^^^^^^^^^^^^^^^ Path must start with a dash
   42 | };
   43 |

Found 33 errors