Error: Jsdoc tag 'augments' cannot be converted to OpenAPI
 /errors/invalid-jsdocs/app.ts:1:1
 > 1 | /**
     | ^^^
 > 2 |  * @title abc
     | ^^^^^^^^^^^^^
 > 3 |  * @augments asd
     | ^^^^^^^^^^^^^
 > 4 |  * @xxx yyy
     | ^^^^^^^^^^^^^
 > 5 |  */
     | ^^^^ Jsdoc tag 'augments' cannot be converted to OpenAPI
   6 | export default {
   7 |   /**
   8 |    * @title abc

Error: Jsdoc tag 'xxx' cannot be converted to OpenAPI
 /errors/invalid-jsdocs/app.ts:1:1
 > 1 | /**
     | ^^^
 > 2 |  * @title abc
     | ^^^^^^^^^^^^^
 > 3 |  * @augments asd
     | ^^^^^^^^^^^^^
 > 4 |  * @xxx yyy
     | ^^^^^^^^^^^^^
 > 5 |  */
     | ^^^^ Jsdoc tag 'xxx' cannot be converted to OpenAPI
   6 | export default {
   7 |   /**
   8 |    * @title abc

Error: Jsdoc parameter description cannot have tags
 /errors/invalid-jsdocs/app.ts:15:7
   13 |     get: async (
   14 |       c: Ctx,
 > 15 |       /**
      |       ^^^
 > 16 |        * @title abc
      | ^^^^^^^^^^^^^^^^^^^
 > 17 |        * @augments asd
      | ^^^^^^^^^^^^^^^^^^^
 > 18 |        * @xxx asasasasas
      | ^^^^^^^^^^^^^^^^^^^
 > 19 |        */
      | ^^^^^^^^^^ Jsdoc parameter description cannot have tags
   20 |       id: string
   21 |     ): Promise<string> => id,
   22 |   },

Found 3 errors