panicked at packages/beff-core/src/print/decoder.rs:404:17:
internal error: entered unreachable code: should not create decoders for semantic types

Stack:

Error
    at module.exports.__wbg_new_abda76e883ba8a5f (/home/lucas/fluff/beff/packages/beff-cli/pkg/beff_wasm.js:477:17)
    at wasm://wasm/006a79ae:wasm-function[2760]:0x175072
    at wasm://wasm/006a79ae:wasm-function[883]:0x12a25f
    at wasm://wasm/006a79ae:wasm-function[1967]:0x166b53
    at wasm://wasm/006a79ae:wasm-function[90]:0x59fad
    at wasm://wasm/006a79ae:wasm-function[613]:0x10ec05
    at wasm://wasm/006a79ae:wasm-function[90]:0x59d4e
    at wasm://wasm/006a79ae:wasm-function[613]:0x10eb48
    at wasm://wasm/006a79ae:wasm-function[90]:0x59d27
    at wasm://wasm/006a79ae:wasm-function[309]:0xcbfa4


wasm://wasm/006a79ae:1


RuntimeError: unreachable
    at wasm://wasm/006a79ae:wasm-function[883]:0x12a285
    at wasm://wasm/006a79ae:wasm-function[1967]:0x166b53
    at wasm://wasm/006a79ae:wasm-function[90]:0x59fad
    at wasm://wasm/006a79ae:wasm-function[613]:0x10ec05
    at wasm://wasm/006a79ae:wasm-function[90]:0x59d4e
    at wasm://wasm/006a79ae:wasm-function[613]:0x10eb48
    at wasm://wasm/006a79ae:wasm-function[90]:0x59d27
    at wasm://wasm/006a79ae:wasm-function[309]:0xcbfa4
    at wasm://wasm/006a79ae:wasm-function[1422]:0x155ac2
    at module.exports.bundle_to_string (/home/lucas/fluff/beff/packages/beff-cli/pkg/beff_wasm.js:209:22)

Node.js v18.18.0