panicked at /home/lucas/fluff/bff/packages/bff-core/src/api_extractor.rs:1120:9:
not yet implemented

Stack:

Error
    at /home/lucas/fluff/bff/packages/bff-wasm/pkg/hello_wasm.js:364:17
    at logError (/home/lucas/fluff/bff/packages/bff-wasm/pkg/hello_wasm.js:205:18)
    at module.exports.__wbg_new_abda76e883ba8a5f (/home/lucas/fluff/bff/packages/bff-wasm/pkg/hello_wasm.js:363:65)
    at console_error_panic_hook::Error::new::h24a202ca2cd6f4e3 (wasm://wasm/02d24df2:wasm-function[16976]:0x8f37bf)
    at console_error_panic_hook::hook_impl::hbd017b1cd15b0ccd (wasm://wasm/02d24df2:wasm-function[3229]:0x6e8156)
    at console_error_panic_hook::hook::h2d1bbfd1bba12fb3 (wasm://wasm/02d24df2:wasm-function[18182]:0x904a01)
    at core::ops::function::Fn::call::h060acb07aceb94e4 (wasm://wasm/02d24df2:wasm-function[15488]:0x8dcb23)
    at std::panicking::rust_panic_with_hook::he4d11d009df2f45f (wasm://wasm/02d24df2:wasm-function[6611]:0x7d7db3)
    at std::panicking::begin_panic_handler::{{closure}}::hdd0d58f31e4d53df (wasm://wasm/02d24df2:wasm-function[8782]:0x838673)
    at std::sys_common::backtrace::__rust_end_short_backtrace::hd70f3cac19eb49f3 (wasm://wasm/02d24df2:wasm-function[20721]:0x91c7a2)


/home/lucas/fluff/bff/packages/bff-wasm/npm-bin/index.js:7
  throw e;
  ^

RuntimeError: unreachable
    at __rust_start_panic (wasm://wasm/02d24df2:wasm-function[20764]:0x91c89c)
    at rust_panic (wasm://wasm/02d24df2:wasm-function[20563]:0x91c077)
    at std::panicking::rust_panic_with_hook::he4d11d009df2f45f (wasm://wasm/02d24df2:wasm-function[6611]:0x7d7de0)
    at std::panicking::begin_panic_handler::{{closure}}::hdd0d58f31e4d53df (wasm://wasm/02d24df2:wasm-function[8782]:0x838673)
    at std::sys_common::backtrace::__rust_end_short_backtrace::hd70f3cac19eb49f3 (wasm://wasm/02d24df2:wasm-function[20721]:0x91c7a2)
    at rust_begin_unwind (wasm://wasm/02d24df2:wasm-function[12411]:0x8a1e08)
    at core::panicking::panic_fmt::h157d8e2782a50057 (wasm://wasm/02d24df2:wasm-function[18067]:0x903248)
    at core::panicking::panic::h84f3aeadc405be3e (wasm://wasm/02d24df2:wasm-function[15485]:0x8dca60)
    at bff_core::api_extractor::visit_extract::h89f94701a519170c (wasm://wasm/02d24df2:wasm-function[1190]:0x5b112e)
    at bff_core::api_extractor::extract_schema::h210a7f507dde7f1f (wasm://wasm/02d24df2:wasm-function[605]:0x4d36e6)

Node.js v18.16.0