Error: 
   ╭─[/app.ts:1:1]
   │
 1 │ ╭─▶ /**
   ┆ ┆   
 5 │ ├─▶  */
   │ │         
   │ ╰───────── UnknownJsDocTag(Augments(AugmentsTag { span: Span { lo: BytePos(0), hi: BytePos(8), ctxt: #0 }, class: NamePath { span: Span { lo: BytePos(0), hi: BytePos(13), ctxt: #0 }, components: [Text { span: Span { lo: BytePos(0), hi: BytePos(3), ctxt: #0 }, value: Atom('asd' type=inline) }] } }))
───╯
Error: 
   ╭─[/app.ts:1:1]
   │
 1 │ ╭─▶ /**
   ┆ ┆   
 5 │ ├─▶  */
   │ │         
   │ ╰───────── UnknownJsDocTagOfTypeUnknown("xxx")
───╯
Error: 
    ╭─[/app.ts:1:1]
    │
  1 │ ╭─▶ /**
    ┆ ┆   
 22 │ ├─▶ };
    │ │        
    │ ╰──────── UnknownJsDocTagItem(TagItem { span: Span { lo: BytePos(0), hi: BytePos(5), ctxt: #0 }, tag_name: Text { span: Span { lo: BytePos(0), hi: BytePos(5), ctxt: #0 }, value: Atom('title' type=static) }, tag: Unknown(UnknownTag { span: Span { lo: BytePos(0), hi: BytePos(5), ctxt: #0 }, extras: Text { span: Span { lo: BytePos(0), hi: BytePos(3), ctxt: #0 }, value: Atom('abc' type=inline) } }) })
────╯
Error: 
    ╭─[/app.ts:1:1]
    │
  1 │ ╭─▶ /**
    ┆ ┆   
 22 │ ├─▶ };
    │ │        
    │ ╰──────── UnknownJsDocTagItem(TagItem { span: Span { lo: BytePos(0), hi: BytePos(8), ctxt: #0 }, tag_name: Text { span: Span { lo: BytePos(0), hi: BytePos(8), ctxt: #0 }, value: Atom('augments' type=dynamic) }, tag: Augments(AugmentsTag { span: Span { lo: BytePos(0), hi: BytePos(8), ctxt: #0 }, class: NamePath { span: Span { lo: BytePos(0), hi: BytePos(25), ctxt: #0 }, components: [Text { span: Span { lo: BytePos(0), hi: BytePos(3), ctxt: #0 }, value: Atom('asd' type=inline) }] } }) })
────╯
Error: 
    ╭─[/app.ts:1:1]
    │
  1 │ ╭─▶ /**
    ┆ ┆   
 22 │ ├─▶ };
    │ │        
    │ ╰──────── UnknownJsDocTagItem(TagItem { span: Span { lo: BytePos(0), hi: BytePos(3), ctxt: #0 }, tag_name: Text { span: Span { lo: BytePos(0), hi: BytePos(3), ctxt: #0 }, value: Atom('xxx' type=inline) }, tag: Unknown(UnknownTag { span: Span { lo: BytePos(0), hi: BytePos(3), ctxt: #0 }, extras: Text { span: Span { lo: BytePos(0), hi: BytePos(3), ctxt: #0 }, value: Atom('yyy' type=inline) } }) })
────╯
Error: Failed to bundle
