Error: Close block must end pattern
 /errors/invalid-patterns/router.ts:2:4
   1 | export default {
 > 2 |   [`/hello/{a}b`]: {
     |    ^^^^^^^^^^^^^ Close block must end pattern
   3 |     get: async (): Promise<string> => {
   4 |       return "test";
   5 |     },

Error: Open block must start pattern
 /errors/invalid-patterns/router.ts:7:4
    5 |     },
    6 |   },
 >  7 |   [`/hello/b{a}`]: {
      |    ^^^^^^^^^^^^^ Open block must start pattern
    8 |     get: async (): Promise<string> => {
    9 |       return "test";
   10 |     },

Error: Invalid identifier in pattern, no explode allowed
 /errors/invalid-patterns/router.ts:12:4
   10 |     },
   11 |   },
 > 12 |   [`/hello/{a*}`]: {
      |    ^^^^^^^^^^^^^ Invalid identifier in pattern, no explode allowed
   13 |     get: async (): Promise<string> => {
   14 |       return "test";
   15 |     },

Found 3 errors