Error: Using a type that cannot be converted to JSON schema
/home/lucas/fluff/bff/packages/bff-wasm/fixtures/errors/cannot-serialize-loc/app.ts:13:63
  11 | };
  12 | export default {
> 13 |   [`/hello/{id}`]: { get: async (c: Ctx, id: string): Promise<A2> => todo() },
     |                                                               ^^ A2 cannot be converted to JSON schema
  14 | };
  15 |

    Caused by:
    /home/lucas/fluff/bff/packages/bff-wasm/fixtures/errors/cannot-serialize-loc/app.ts:10:6
       8 | };
       9 | type A2 = {
    > 10 |   a: A;
         |      ^ A cannot be converted to JSON schema
      11 | };
      12 | export default {
      13 |   [`/hello/{id}`]: { get: async (c: Ctx, id: string): Promise<A2> => todo() },

    /home/lucas/fluff/bff/packages/bff-wasm/fixtures/errors/cannot-serialize-loc/app.ts:7:6
       5 |
       6 | type A = {
    >  7 |   a: () => void;
         |      ^^^^^^^^^^ Type cannot be converted to JSON schema
       8 | };
       9 | type A2 = {
      10 |   a: A;

Found 1 error