Found 33 errors

/home/lucas/fluff/bff/packages/bff-wasm/fixtures/errors/invalid-path-definition/app.ts:4:5
  2 | export default {
  3 |   ["asd"]: {
> 4 |     [`GET/hello/{id}`]: async (id: string) => id,
    |     ^^^^^^^^^^^^^^^^^^ NotAnHttpMethod
  5 |     a: 1,
  6 |     b() {
  7 |       return 1;

/home/lucas/fluff/bff/packages/bff-wasm/fixtures/errors/invalid-path-definition/app.ts:4:25
  2 | export default {
  3 |   ["asd"]: {
> 4 |     [`GET/hello/{id}`]: async (id: string) => id,
    |                         ^^^^^^^^^^^^^^^^^^^^^^^^ HandlerMustAnnotateReturnType
  5 |     a: 1,
  6 |     b() {
  7 |       return 1;

/home/lucas/fluff/bff/packages/bff-wasm/fixtures/errors/invalid-path-definition/app.ts:4:5
  2 | export default {
  3 |   ["asd"]: {
> 4 |     [`GET/hello/{id}`]: async (id: string) => id,
    |     ^^^^^^^^^^^^^^^^^^ NotAnHttpMethod
  5 |     a: 1,
  6 |     b() {
  7 |       return 1;

/home/lucas/fluff/bff/packages/bff-wasm/fixtures/errors/invalid-path-definition/app.ts:5:5
  3 |   ["asd"]: {
  4 |     [`GET/hello/{id}`]: async (id: string) => id,
> 5 |     a: 1,
    |     ^ NotAnHttpMethod
  6 |     b() {
  7 |       return 1;
  8 |     },

/home/lucas/fluff/bff/packages/bff-wasm/fixtures/errors/invalid-path-definition/app.ts:5:5
  3 |   ["asd"]: {
  4 |     [`GET/hello/{id}`]: async (id: string) => id,
> 5 |     a: 1,
    |     ^ NotAnObjectWithMethodKind
  6 |     b() {
  7 |       return 1;
  8 |     },

/home/lucas/fluff/bff/packages/bff-wasm/fixtures/errors/invalid-path-definition/app.ts:6:5
  4 |     [`GET/hello/{id}`]: async (id: string) => id,
  5 |     a: 1,
> 6 |     b() {
    |     ^ NotAnObjectWithMethodKind
  7 |       return 1;
  8 |     },
  9 |     get c() {

/home/lucas/fluff/bff/packages/bff-wasm/fixtures/errors/invalid-path-definition/app.ts:9:5
   7 |       return 1;
   8 |     },
>  9 |     get c() {
     |     ^^^^^^^^^
> 10 |       return 1;
     | ^^^^^^^^^^^^^^^
> 11 |     },
     | ^^^^^^ NotAnObjectWithMethodKind
  12 |     set c(v) {},
  13 |     [`AAAAAAAAAAAAAAAAAAGETOOOO/hello/{id}`]: async (
  14 |       id: string

/home/lucas/fluff/bff/packages/bff-wasm/fixtures/errors/invalid-path-definition/app.ts:12:5
  10 |       return 1;
  11 |     },
> 12 |     set c(v) {},
     |     ^^^^^^^^^^^ NotAnObjectWithMethodKind
  13 |     [`AAAAAAAAAAAAAAAAAAGETOOOO/hello/{id}`]: async (
  14 |       id: string
  15 |     ): Promise<string> => id,

/home/lucas/fluff/bff/packages/bff-wasm/fixtures/errors/invalid-path-definition/app.ts:13:5
  11 |     },
  12 |     set c(v) {},
> 13 |     [`AAAAAAAAAAAAAAAAAAGETOOOO/hello/{id}`]: async (
     |     ^^^^^^^^^^^^^^^^^^^^^^^^^^^^^^^^^^^^^^^^ NotAnHttpMethod
  14 |       id: string
  15 |     ): Promise<string> => id,
  16 |     [`GETOOOO/hello/{id}`]: async (id: string): Promise<string> => id,

/home/lucas/fluff/bff/packages/bff-wasm/fixtures/errors/invalid-path-definition/app.ts:13:5
  11 |     },
  12 |     set c(v) {},
> 13 |     [`AAAAAAAAAAAAAAAAAAGETOOOO/hello/{id}`]: async (
     |     ^^^^^^^^^^^^^^^^^^^^^^^^^^^^^^^^^^^^^^^^ NotAnHttpMethod
  14 |       id: string
  15 |     ): Promise<string> => id,
  16 |     [`GETOOOO/hello/{id}`]: async (id: string): Promise<string> => id,

/home/lucas/fluff/bff/packages/bff-wasm/fixtures/errors/invalid-path-definition/app.ts:16:5
  14 |       id: string
  15 |     ): Promise<string> => id,
> 16 |     [`GETOOOO/hello/{id}`]: async (id: string): Promise<string> => id,
     |     ^^^^^^^^^^^^^^^^^^^^^^ NotAnHttpMethod
  17 |     ...d,
  18 |     [`GET/hello2/{id}`]: async function* (id: string): Promise<string> {
  19 |       return id;

/home/lucas/fluff/bff/packages/bff-wasm/fixtures/errors/invalid-path-definition/app.ts:16:5
  14 |       id: string
  15 |     ): Promise<string> => id,
> 16 |     [`GETOOOO/hello/{id}`]: async (id: string): Promise<string> => id,
     |     ^^^^^^^^^^^^^^^^^^^^^^ NotAnHttpMethod
  17 |     ...d,
  18 |     [`GET/hello2/{id}`]: async function* (id: string): Promise<string> {
  19 |       return id;

/home/lucas/fluff/bff/packages/bff-wasm/fixtures/errors/invalid-path-definition/app.ts:17:5
  15 |     ): Promise<string> => id,
  16 |     [`GETOOOO/hello/{id}`]: async (id: string): Promise<string> => id,
> 17 |     ...d,
     |     ^^^ PropSpreadIsNotSupported
  18 |     [`GET/hello2/{id}`]: async function* (id: string): Promise<string> {
  19 |       return id;
  20 |     },

/home/lucas/fluff/bff/packages/bff-wasm/fixtures/errors/invalid-path-definition/app.ts:18:5
  16 |     [`GETOOOO/hello/{id}`]: async (id: string): Promise<string> => id,
  17 |     ...d,
> 18 |     [`GET/hello2/{id}`]: async function* (id: string): Promise<string> {
     |     ^^^^^^^^^^^^^^^^^^^ NotAnHttpMethod
  19 |       return id;
  20 |     },
  21 |     [`GET/hello3/{id}`]: <T>(id: string): string => id,

/home/lucas/fluff/bff/packages/bff-wasm/fixtures/errors/invalid-path-definition/app.ts:18:26
  16 |     [`GETOOOO/hello/{id}`]: async (id: string): Promise<string> => id,
  17 |     ...d,
> 18 |     [`GET/hello2/{id}`]: async function* (id: string): Promise<string> {
     |                          ^^^^^^^^^^^^^^^^^^^^^^^^^^^^^^^^^^^^^^^^^^^^^^^
> 19 |       return id;
     | ^^^^^^^^^^^^^^^^
> 20 |     },
     | ^^^^^^ HandlerCannotBeGenerator
  21 |     [`GET/hello3/{id}`]: <T>(id: string): string => id,
  22 |     [`GET/hello4/{id}`]: async <T>(id: string): Promise<string> => id,
  23 |     [`GET/hello5/{id}`]: async <T>(id: T): Promise<T> => id,

/home/lucas/fluff/bff/packages/bff-wasm/fixtures/errors/invalid-path-definition/app.ts:21:5
  19 |       return id;
  20 |     },
> 21 |     [`GET/hello3/{id}`]: <T>(id: string): string => id,
     |     ^^^^^^^^^^^^^^^^^^^ NotAnHttpMethod
  22 |     [`GET/hello4/{id}`]: async <T>(id: string): Promise<string> => id,
  23 |     [`GET/hello5/{id}`]: async <T>(id: T): Promise<T> => id,
  24 |   },

/home/lucas/fluff/bff/packages/bff-wasm/fixtures/errors/invalid-path-definition/app.ts:21:26
  19 |       return id;
  20 |     },
> 21 |     [`GET/hello3/{id}`]: <T>(id: string): string => id,
     |                          ^^^^^^^^^^^^^^^^^^^^^^^^^^^^^ HandlerCannotHaveTypeParameters
  22 |     [`GET/hello4/{id}`]: async <T>(id: string): Promise<string> => id,
  23 |     [`GET/hello5/{id}`]: async <T>(id: T): Promise<T> => id,
  24 |   },

/home/lucas/fluff/bff/packages/bff-wasm/fixtures/errors/invalid-path-definition/app.ts:22:5
  20 |     },
  21 |     [`GET/hello3/{id}`]: <T>(id: string): string => id,
> 22 |     [`GET/hello4/{id}`]: async <T>(id: string): Promise<string> => id,
     |     ^^^^^^^^^^^^^^^^^^^ NotAnHttpMethod
  23 |     [`GET/hello5/{id}`]: async <T>(id: T): Promise<T> => id,
  24 |   },
  25 |   [`GET/hello/{id}`]: async (id: string) => id,

/home/lucas/fluff/bff/packages/bff-wasm/fixtures/errors/invalid-path-definition/app.ts:22:26
  20 |     },
  21 |     [`GET/hello3/{id}`]: <T>(id: string): string => id,
> 22 |     [`GET/hello4/{id}`]: async <T>(id: string): Promise<string> => id,
     |                          ^^^^^^^^^^^^^^^^^^^^^^^^^^^^^^^^^^^^^^^^^^^^ HandlerCannotHaveTypeParameters
  23 |     [`GET/hello5/{id}`]: async <T>(id: T): Promise<T> => id,
  24 |   },
  25 |   [`GET/hello/{id}`]: async (id: string) => id,

/home/lucas/fluff/bff/packages/bff-wasm/fixtures/errors/invalid-path-definition/app.ts:23:5
  21 |     [`GET/hello3/{id}`]: <T>(id: string): string => id,
  22 |     [`GET/hello4/{id}`]: async <T>(id: string): Promise<string> => id,
> 23 |     [`GET/hello5/{id}`]: async <T>(id: T): Promise<T> => id,
     |     ^^^^^^^^^^^^^^^^^^^ NotAnHttpMethod
  24 |   },
  25 |   [`GET/hello/{id}`]: async (id: string) => id,
  26 |   a: 1,

/home/lucas/fluff/bff/packages/bff-wasm/fixtures/errors/invalid-path-definition/app.ts:23:26
  21 |     [`GET/hello3/{id}`]: <T>(id: string): string => id,
  22 |     [`GET/hello4/{id}`]: async <T>(id: string): Promise<string> => id,
> 23 |     [`GET/hello5/{id}`]: async <T>(id: T): Promise<T> => id,
     |                          ^^^^^^^^^^^^^^^^^^^^^^^^^^^^^^^^^^ HandlerCannotHaveTypeParameters
  24 |   },
  25 |   [`GET/hello/{id}`]: async (id: string) => id,
  26 |   a: 1,

/home/lucas/fluff/bff/packages/bff-wasm/fixtures/errors/invalid-path-definition/app.ts:25:3
  23 |     [`GET/hello5/{id}`]: async <T>(id: T): Promise<T> => id,
  24 |   },
> 25 |   [`GET/hello/{id}`]: async (id: string) => id,
     |   ^^^^^^^^^^^^^^^^^^ NotAnObjectWithMethodKind
  26 |   a: 1,
  27 |   b() {
  28 |     return 1;

/home/lucas/fluff/bff/packages/bff-wasm/fixtures/errors/invalid-path-definition/app.ts:26:3
  24 |   },
  25 |   [`GET/hello/{id}`]: async (id: string) => id,
> 26 |   a: 1,
     |   ^ MustBeComputedKey
  27 |   b() {
  28 |     return 1;
  29 |   },

/home/lucas/fluff/bff/packages/bff-wasm/fixtures/errors/invalid-path-definition/app.ts:27:3
  25 |   [`GET/hello/{id}`]: async (id: string) => id,
  26 |   a: 1,
> 27 |   b() {
     |   ^ NotAnObjectWithMethodKind
  28 |     return 1;
  29 |   },
  30 |   get c() {

/home/lucas/fluff/bff/packages/bff-wasm/fixtures/errors/invalid-path-definition/app.ts:30:3
  28 |     return 1;
  29 |   },
> 30 |   get c() {
     |   ^^^^^^^^^
> 31 |     return 1;
     | ^^^^^^^^^^^^^
> 32 |   },
     | ^^^^ NotAnObjectWithMethodKind
  33 |   set c(v) {},
  34 |   [`AAAAAAAAAAAAAAAAAAGETOOOO/hello/{id}`]: async (
  35 |     id: string

/home/lucas/fluff/bff/packages/bff-wasm/fixtures/errors/invalid-path-definition/app.ts:33:3
  31 |     return 1;
  32 |   },
> 33 |   set c(v) {},
     |   ^^^^^^^^^^^ NotAnObjectWithMethodKind
  34 |   [`AAAAAAAAAAAAAAAAAAGETOOOO/hello/{id}`]: async (
  35 |     id: string
  36 |   ): Promise<string> => id,

/home/lucas/fluff/bff/packages/bff-wasm/fixtures/errors/invalid-path-definition/app.ts:34:3
  32 |   },
  33 |   set c(v) {},
> 34 |   [`AAAAAAAAAAAAAAAAAAGETOOOO/hello/{id}`]: async (
     |   ^^^^^^^^^^^^^^^^^^^^^^^^^^^^^^^^^^^^^^^^ NotAnObjectWithMethodKind
  35 |     id: string
  36 |   ): Promise<string> => id,
  37 |   [`GETOOOO/hello/{id}`]: async (id: string): Promise<string> => id,

/home/lucas/fluff/bff/packages/bff-wasm/fixtures/errors/invalid-path-definition/app.ts:37:3
  35 |     id: string
  36 |   ): Promise<string> => id,
> 37 |   [`GETOOOO/hello/{id}`]: async (id: string): Promise<string> => id,
     |   ^^^^^^^^^^^^^^^^^^^^^^ NotAnObjectWithMethodKind
  38 |   ...d,
  39 |   [`GET/hello2/{id}`]: async function* (id: string): Promise<string> {
  40 |     return id;

/home/lucas/fluff/bff/packages/bff-wasm/fixtures/errors/invalid-path-definition/app.ts:38:3
  36 |   ): Promise<string> => id,
  37 |   [`GETOOOO/hello/{id}`]: async (id: string): Promise<string> => id,
> 38 |   ...d,
     |   ^^^ RestOnRouterDefaultExportNotSupportedYet
  39 |   [`GET/hello2/{id}`]: async function* (id: string): Promise<string> {
  40 |     return id;
  41 |   },

/home/lucas/fluff/bff/packages/bff-wasm/fixtures/errors/invalid-path-definition/app.ts:39:3
  37 |   [`GETOOOO/hello/{id}`]: async (id: string): Promise<string> => id,
  38 |   ...d,
> 39 |   [`GET/hello2/{id}`]: async function* (id: string): Promise<string> {
     |   ^^^^^^^^^^^^^^^^^^^ NotAnObjectWithMethodKind
  40 |     return id;
  41 |   },
  42 |   [`GET/hello3/{id}`]: <T>(id: string): string => id,

/home/lucas/fluff/bff/packages/bff-wasm/fixtures/errors/invalid-path-definition/app.ts:42:3
  40 |     return id;
  41 |   },
> 42 |   [`GET/hello3/{id}`]: <T>(id: string): string => id,
     |   ^^^^^^^^^^^^^^^^^^^ NotAnObjectWithMethodKind
  43 |   [`GET/hello4/{id}`]: async <T>(id: string): Promise<string> => id,
  44 |   [`GET/hello5/{id}`]: async <T>(id: T): Promise<T> => id,
  45 | };

/home/lucas/fluff/bff/packages/bff-wasm/fixtures/errors/invalid-path-definition/app.ts:43:3
  41 |   },
  42 |   [`GET/hello3/{id}`]: <T>(id: string): string => id,
> 43 |   [`GET/hello4/{id}`]: async <T>(id: string): Promise<string> => id,
     |   ^^^^^^^^^^^^^^^^^^^ NotAnObjectWithMethodKind
  44 |   [`GET/hello5/{id}`]: async <T>(id: T): Promise<T> => id,
  45 | };
  46 |

/home/lucas/fluff/bff/packages/bff-wasm/fixtures/errors/invalid-path-definition/app.ts:44:3
  42 |   [`GET/hello3/{id}`]: <T>(id: string): string => id,
  43 |   [`GET/hello4/{id}`]: async <T>(id: string): Promise<string> => id,
> 44 |   [`GET/hello5/{id}`]: async <T>(id: T): Promise<T> => id,
     |   ^^^^^^^^^^^^^^^^^^^ NotAnObjectWithMethodKind
  45 | };
  46 |