/home/lucas/fluff/bff/packages/bff-wasm/npm-bin/index.js:7
  throw e;
  ^

Error: ENOENT: no such file or directory, open '/home/lucas/fluff/bff/packages/bff-wasm/fixtures/errors/nothing/bff.json'
    at Object.openSync (node:fs:601:3)
    at Object.readFileSync (node:fs:469:35)
    at readProjectJson (/home/lucas/fluff/bff/packages/bff-wasm/dist-cli/cli.js:192757:38)
    at commanderExec (/home/lucas/fluff/bff/packages/bff-wasm/dist-cli/cli.js:192770:23)
    at Object.<anonymous> (/home/lucas/fluff/bff/packages/bff-wasm/npm-bin/index.js:5:3)
    at Module._compile (node:internal/modules/cjs/loader:1254:14)
    at Module._extensions..js (node:internal/modules/cjs/loader:1308:10)
    at Module.load (node:internal/modules/cjs/loader:1117:32)
    at Module._load (node:internal/modules/cjs/loader:958:12)
    at Function.executeUserEntryPoint [as runMain] (node:internal/modules/run_main:81:12) {
  errno: -2,
  syscall: 'open',
  code: 'ENOENT',
  path: '/home/lucas/fluff/bff/packages/bff-wasm/fixtures/errors/nothing/bff.json'
}

Node.js v18.16.0