Error: 
   ╭─[/app.ts:3:23]
   │
 3 │   [`GET/hello/{id}`]: async (id: string) => id,
   │                       ────────────┬───────────  
   │                                   ╰───────────── HandlerMustAnnotateReturnType
───╯
Error: 
   ╭─[/app.ts:4:3]
   │
 4 │   a: 1,
   │   ┬  
   │   ╰── MustBeComputedKeyWithMethodAndPattern
───╯
Error: 
   ╭─[/app.ts:5:3]
   │
 5 │   b() {
   │   ┬  
   │   ╰── HandlerMustBeAKeyValuePairWithStringAndFunction
───╯
Error: 
    ╭─[/app.ts:8:3]
    │
  8 │ ╭─▶   get c() {
    ┆ ┆   
 10 │ ├─▶   },
    │ │          
    │ ╰────────── HandlerMustBeAKeyValuePairWithStringAndFunction
────╯
Error: 
    ╭─[/app.ts:11:3]
    │
 11 │   set c(v) {},
    │   ─────┬─────  
    │        ╰─────── HandlerMustBeAKeyValuePairWithStringAndFunction
────╯
Error: 
    ╭─[/app.ts:12:4]
    │
 12 │   [`AAAAAAAAAAAAAAAAAAGETOOOO/hello/{id}`]: async (
    │    ───────────────────┬──────────────────  
    │                       ╰──────────────────── InvalidPatternPrefix
────╯
Error: 
    ╭─[/app.ts:15:4]
    │
 15 │   [`GETOOOO/hello/{id}`]: async (id: string): Promise<string> => id,
    │    ──────────┬─────────  
    │              ╰─────────── InvalidPatternPrefix
────╯
Error: 
    ╭─[/app.ts:16:3]
    │
 16 │   ...d,
    │   ─┬─  
    │    ╰─── RestOnRouterDefaultExportNotSupportedYet
────╯
Error: Failed to bundle
