Error: Parameter pattern is not supported
 /home/lucas/fluff/bff/packages/bff-wasm/fixtures/errors/pattern-args/app.ts:9:17
    7 | export default {
    8 |   [`/user`]: {
 >  9 |     get: async ([limit, offset]: string[]): Promise<User[]> => {
      |                 ^^^^^^^^^^^^^^^^^^^^^^^^^ Parameter pattern is not supported
   10 |       return todo();
   11 |     },
   12 |   },

Error: Parameter pattern is not supported
 /home/lucas/fluff/bff/packages/bff-wasm/fixtures/errors/pattern-args/app.ts:14:17
   12 |   },
   13 |   [`/user1`]: {
 > 14 |     get: async ({ limit, offset }: any): Promise<User[]> => {
      |                 ^^^^^^^^^^^^^^^^^^^^^^ Parameter pattern is not supported
   15 |       return todo();
   16 |     },
   17 |   },

Error: Parameter pattern is not supported
 /home/lucas/fluff/bff/packages/bff-wasm/fixtures/errors/pattern-args/app.ts:19:17
   17 |   },
   18 |   [`/user2`]: {
 > 19 |     get: async (a: string[] = []): Promise<User[]> => {
      |                 ^^^^^^^^^^^^^^^^ Parameter pattern is not supported
   20 |       return todo();
   21 |     },
   22 |   },

Found 3 errors