Error: 
    ╭─[/app.ts:12:6]
    │
 12 │   a: () => void;
    │      ─────┬────  
    │           ╰────── CannotSerializeType
────╯
Error: 
   ╭─[/app.ts:6:6]
   │
 6 │   b: this;
   │      ──┬─  
   │        ╰─── CannotSerializeType
───╯
Error: 
   ╭─[/app.ts:3:21]
   │
 3 │   errorConstructor: new (...args: any) => Error; // <- put here whatever Base Class you want
   │                     ─────────────┬─────────────  
   │                                  ╰─────────────── CannotSerializeType
───╯
Error: 
   ╭─[/app.ts:8:10]
   │
 8 │ type D = true extends true ? true : true;
   │          ───────────────┬───────────────  
   │                         ╰───────────────── CannotSerializeType
───╯
Error: 
   ╭─[/app.ts:9:10]
   │
 9 │ type E = true extends infer A ? true : A;
   │          ───────────────┬───────────────  
   │                         ╰───────────────── CannotSerializeType
───╯
Error: 
    ╭─[/app.ts:17:6]
    │
 17 │   f: typeof f;
    │      ────┬───  
    │          ╰───── CannotSerializeType
────╯
Error: 
    ╭─[/app.ts:18:6]
    │
 18 │   g: B["b"];
    │      ───┬──  
    │         ╰──── CannotSerializeType
────╯
Error: 
    ╭─[/app.ts:19:6]
    │
 19 │   h: never;
    │      ──┬──  
    │        ╰──── CannotSerializeType
────╯
Error: 
    ╭─[/app.ts:20:6]
    │
 20 │   i: symbol;
    │      ───┬──  
    │         ╰──── CannotSerializeType
────╯
Error: 
    ╭─[/app.ts:21:6]
    │
 21 │   j: void;
    │      ──┬─  
    │        ╰─── CannotSerializeType
────╯
Error: Failed to bundle
