Error: Cannot find symbol 'ThisDoesNotExist'
 /errors/cannot-resolve/router.ts:10:28
    8 | export default {
    9 |   [`/hello`]: {
 > 10 |     get: async (): Promise<ThisDoesNotExist> => {
      |                            ^^^^^^^^^^^^^^^^ Cannot find symbol 'ThisDoesNotExist'
   11 |       return "test";
   12 |     },
   13 |   },

Error: Export default not found
 /errors/cannot-resolve/router.ts:20:14
   18 |   },
   19 |   "/a3": {
 > 20 |     get: (): E => {
      |              ^ Export default not found
   21 |       return "";
   22 |     },
   23 |   },

Error: Cannot find symbol 'asd'
 /errors/cannot-resolve/r5.ts:3:29
   1 | export const router5 = {
   2 |   router5Nested: {
 > 3 |     [`/hello5`]: { get: (): asd => "Hello!" },
     |                             ^^^ Cannot find symbol 'asd'
   4 |   },
   5 | };
   6 |

Error: Found type, expected value
 /errors/cannot-resolve/r6.ts:1:8
 > 1 | export type Router6 = {};
     |        ^^^^^^^^^^^^^^^^^^ Found type, expected value
   2 |
   3 | export interface Router7 {}
   4 |

Error: Found type, expected value
 /errors/cannot-resolve/r6.ts:3:8
   1 | export type Router6 = {};
   2 |
 > 3 | export interface Router7 {}
     |        ^^^^^^^^^^^^^^^^^^^^ Found type, expected value
   4 |

Error: Found type, expected value
 /errors/cannot-resolve/router.ts:27:6
   25 |   ...Router6,
   26 |   ...Router7,
 > 27 |   ...Router6.x,
      |      ^^^^^^^ Found type, expected value
   28 |   ...Router7.x,
   29 |   ...Router6.a.b.c.d,
   30 |   ...Router7.a.b.c.d,

Error: Found type, expected value
 /errors/cannot-resolve/router.ts:28:6
   26 |   ...Router7,
   27 |   ...Router6.x,
 > 28 |   ...Router7.x,
      |      ^^^^^^^ Found type, expected value
   29 |   ...Router6.a.b.c.d,
   30 |   ...Router7.a.b.c.d,
   31 |   ...E,

Error: Cannot resolve local expression access 'd'
 /errors/cannot-resolve/router.ts:29:6
   27 |   ...Router6.x,
   28 |   ...Router7.x,
 > 29 |   ...Router6.a.b.c.d,
      |      ^^^^^^^^^^^^^ Cannot resolve local expression access 'd'
   30 |   ...Router7.a.b.c.d,
   31 |   ...E,
   32 |   ...E.a,

Error: Cannot resolve local expression access 'd'
 /errors/cannot-resolve/router.ts:30:6
   28 |   ...Router7.x,
   29 |   ...Router6.a.b.c.d,
 > 30 |   ...Router7.a.b.c.d,
      |      ^^^^^^^^^^^^^ Cannot resolve local expression access 'd'
   31 |   ...E,
   32 |   ...E.a,
   33 |   ...E["a"],

Error: Export default not found
 /errors/cannot-resolve/router.ts:31:6
   29 |   ...Router6.a.b.c.d,
   30 |   ...Router7.a.b.c.d,
 > 31 |   ...E,
      |      ^ Export default not found
   32 |   ...E.a,
   33 |   ...E["a"],
   34 |   ...D,

Error: Export default not found
 /errors/cannot-resolve/router.ts:32:6
   30 |   ...Router7.a.b.c.d,
   31 |   ...E,
 > 32 |   ...E.a,
      |      ^ Export default not found
   33 |   ...E["a"],
   34 |   ...D,
   35 |   ...D.a,

Error: This should contain methods
 /errors/cannot-resolve/router.ts:33:6
   31 |   ...E,
   32 |   ...E.a,
 > 33 |   ...E["a"],
      |      ^^^^^^ This should contain methods
   34 |   ...D,
   35 |   ...D.a,
   36 |   ...D["a"],

Error: Could not understand this part of the router
 /errors/cannot-resolve/router.ts:34:6
   32 |   ...E.a,
   33 |   ...E["a"],
 > 34 |   ...D,
      |      ^ Could not understand this part of the router
   35 |   ...D.a,
   36 |   ...D["a"],
   37 |   ...r11,

Error: Could not understand this part of the router
 /errors/cannot-resolve/abc.ts:1:18
 > 1 | export const a = 1;
     |                  ^ Could not understand this part of the router
   2 |

Error: This should contain methods
 /errors/cannot-resolve/router.ts:36:6
   34 |   ...D,
   35 |   ...D.a,
 > 36 |   ...D["a"],
      |      ^^^^^^ This should contain methods
   37 |   ...r11,
   38 |   ...r13,
   39 | };

Error: Cannot find symbol 'Function'
 /errors/cannot-resolve/r10.ts:3:20
   1 | export const r10 = {
   2 |   "/hello123": {
 > 3 |     get: async (): Function => {
     |                    ^^^^^^^^ Cannot find symbol 'Function'
   4 |       return "test";
   5 |     },
   6 |   },

Error: Found type, expected value
 /errors/cannot-resolve/r13.ts:1:13
 > 1 | export * as r13 from "./r12";
     |             ^^^ Found type, expected value
   2 |

Found 17 errors