Error: Parameter pattern is not supported
 /errors/pattern-args/app.ts:9:17
    7 | export default {
    8 |   [`/user`]: {
 >  9 |     get: async ([limit, offset]: string[]): Promise<User[]> => {
      |                 ^^^^^^^^^^^^^^^^^^^^^^^^^ Parameter pattern is not supported
   10 |       return todo();
   11 |     },
   12 |   },

Error: Parameter pattern is not supported
 /errors/pattern-args/app.ts:14:17
   12 |   },
   13 |   [`/user1`]: {
 > 14 |     get: async ({ limit, offset }: any): Promise<User[]> => {
      |                 ^^^^^^^^^^^^^^^^^^^^^^ Parameter pattern is not supported
   15 |       return todo();
   16 |     },
   17 |   },

Error: Invalid context usage
 /errors/pattern-args/app.ts:19:17
   17 |   },
   18 |   [`/user2`]: {
 > 19 |     get: async (a: string[] = []): Promise<User[]> => {
      |                 ^^^^^^^^^^^ Context must be the first parameter
   20 |       return todo();
   21 |     },
   22 |   },

Error: GET methods must not have a body
 /errors/pattern-args/app.ts:18:3
   16 |     },
   17 |   },
 > 18 |   [`/user2`]: {
      |   ^^^^^^^^^^ GET methods must not have a body
   19 |     get: async (a: string[] = []): Promise<User[]> => {
   20 |       return todo();
   21 |     },

Found 4 errors