Error: Using a type that cannot be converted to JSON schema
/home/lucas/fluff/bff/packages/bff-wasm/fixtures/errors/cannot-serialize/app.ts:25:55
  23 |
  24 | export default {
> 25 |   [`/hello/{id}`]: { get: async (id: string): Promise<A> => todo() },
     |                                                       ^ A cannot be converted to JSON schema
  26 | };
  27 |

    Caused by:
    /home/lucas/fluff/bff/packages/bff-wasm/fixtures/errors/cannot-serialize/app.ts:12:6
      10 | const f = 1;
      11 | type A = {
    > 12 |   a: () => void;
         |      ^^^^^^^^^^ Type cannot be converted to JSON schema
      13 |   b: B;
      14 |   c: Newable;
      15 |   d: D;

Error: Using a type that cannot be converted to JSON schema
/home/lucas/fluff/bff/packages/bff-wasm/fixtures/errors/cannot-serialize/app.ts:25:55
  23 |
  24 | export default {
> 25 |   [`/hello/{id}`]: { get: async (id: string): Promise<A> => todo() },
     |                                                       ^ A cannot be converted to JSON schema
  26 | };
  27 |

    Caused by:
    /home/lucas/fluff/bff/packages/bff-wasm/fixtures/errors/cannot-serialize/app.ts:13:6
      11 | type A = {
      12 |   a: () => void;
    > 13 |   b: B;
         |      ^ B cannot be converted to JSON schema
      14 |   c: Newable;
      15 |   d: D;
      16 |   e: E;

    /home/lucas/fluff/bff/packages/bff-wasm/fixtures/errors/cannot-serialize/app.ts:6:6
      4 | }
      5 | interface B {
    > 6 |   b: this;
        |      ^^^^ Type cannot be converted to JSON schema
      7 | }
      8 | type D = true extends true ? true : true;
      9 | type E = true extends infer A ? true : A;

Error: Using a type that cannot be converted to JSON schema
/home/lucas/fluff/bff/packages/bff-wasm/fixtures/errors/cannot-serialize/app.ts:25:55
  23 |
  24 | export default {
> 25 |   [`/hello/{id}`]: { get: async (id: string): Promise<A> => todo() },
     |                                                       ^ A cannot be converted to JSON schema
  26 | };
  27 |

    Caused by:
    /home/lucas/fluff/bff/packages/bff-wasm/fixtures/errors/cannot-serialize/app.ts:14:6
      12 |   a: () => void;
      13 |   b: B;
    > 14 |   c: Newable;
         |      ^^^^^^^ Newable cannot be converted to JSON schema
      15 |   d: D;
      16 |   e: E;
      17 |   f: typeof f;

    /home/lucas/fluff/bff/packages/bff-wasm/fixtures/errors/cannot-serialize/app.ts:3:21
      1 | import { GET, todo } from "bff";
      2 | interface Newable {
    > 3 |   errorConstructor: new (...args: any) => Error; // <- put here whatever Base Class you want
        |                     ^^^^^^^^^^^^^^^^^^^^^^^^^^^ Type cannot be converted to JSON schema
      4 | }
      5 | interface B {
      6 |   b: this;

Error: Using a type that cannot be converted to JSON schema
/home/lucas/fluff/bff/packages/bff-wasm/fixtures/errors/cannot-serialize/app.ts:25:55
  23 |
  24 | export default {
> 25 |   [`/hello/{id}`]: { get: async (id: string): Promise<A> => todo() },
     |                                                       ^ A cannot be converted to JSON schema
  26 | };
  27 |

    Caused by:
    /home/lucas/fluff/bff/packages/bff-wasm/fixtures/errors/cannot-serialize/app.ts:15:6
      13 |   b: B;
      14 |   c: Newable;
    > 15 |   d: D;
         |      ^ D cannot be converted to JSON schema
      16 |   e: E;
      17 |   f: typeof f;
      18 |   g: B["b"];

    /home/lucas/fluff/bff/packages/bff-wasm/fixtures/errors/cannot-serialize/app.ts:8:10
       6 |   b: this;
       7 | }
    >  8 | type D = true extends true ? true : true;
         |          ^^^^^^^^^^^^^^^^^^^^^^^^^^^^^^^ Type cannot be converted to JSON schema
       9 | type E = true extends infer A ? true : A;
      10 | const f = 1;
      11 | type A = {

Error: Using a type that cannot be converted to JSON schema
/home/lucas/fluff/bff/packages/bff-wasm/fixtures/errors/cannot-serialize/app.ts:25:55
  23 |
  24 | export default {
> 25 |   [`/hello/{id}`]: { get: async (id: string): Promise<A> => todo() },
     |                                                       ^ A cannot be converted to JSON schema
  26 | };
  27 |

    Caused by:
    /home/lucas/fluff/bff/packages/bff-wasm/fixtures/errors/cannot-serialize/app.ts:16:6
      14 |   c: Newable;
      15 |   d: D;
    > 16 |   e: E;
         |      ^ E cannot be converted to JSON schema
      17 |   f: typeof f;
      18 |   g: B["b"];
      19 |   h: never;

    /home/lucas/fluff/bff/packages/bff-wasm/fixtures/errors/cannot-serialize/app.ts:9:10
       7 | }
       8 | type D = true extends true ? true : true;
    >  9 | type E = true extends infer A ? true : A;
         |          ^^^^^^^^^^^^^^^^^^^^^^^^^^^^^^^ Type cannot be converted to JSON schema
      10 | const f = 1;
      11 | type A = {
      12 |   a: () => void;

Error: Using a type that cannot be converted to JSON schema
/home/lucas/fluff/bff/packages/bff-wasm/fixtures/errors/cannot-serialize/app.ts:25:55
  23 |
  24 | export default {
> 25 |   [`/hello/{id}`]: { get: async (id: string): Promise<A> => todo() },
     |                                                       ^ A cannot be converted to JSON schema
  26 | };
  27 |

    Caused by:
    /home/lucas/fluff/bff/packages/bff-wasm/fixtures/errors/cannot-serialize/app.ts:17:6
      15 |   d: D;
      16 |   e: E;
    > 17 |   f: typeof f;
         |      ^^^^^^^^ Type cannot be converted to JSON schema
      18 |   g: B["b"];
      19 |   h: never;
      20 |   i: symbol;

Error: Using a type that cannot be converted to JSON schema
/home/lucas/fluff/bff/packages/bff-wasm/fixtures/errors/cannot-serialize/app.ts:25:55
  23 |
  24 | export default {
> 25 |   [`/hello/{id}`]: { get: async (id: string): Promise<A> => todo() },
     |                                                       ^ A cannot be converted to JSON schema
  26 | };
  27 |

    Caused by:
    /home/lucas/fluff/bff/packages/bff-wasm/fixtures/errors/cannot-serialize/app.ts:18:6
      16 |   e: E;
      17 |   f: typeof f;
    > 18 |   g: B["b"];
         |      ^^^^^^ Type cannot be converted to JSON schema
      19 |   h: never;
      20 |   i: symbol;
      21 |   j: void;

Error: Using a type that cannot be converted to JSON schema
/home/lucas/fluff/bff/packages/bff-wasm/fixtures/errors/cannot-serialize/app.ts:25:55
  23 |
  24 | export default {
> 25 |   [`/hello/{id}`]: { get: async (id: string): Promise<A> => todo() },
     |                                                       ^ A cannot be converted to JSON schema
  26 | };
  27 |

    Caused by:
    /home/lucas/fluff/bff/packages/bff-wasm/fixtures/errors/cannot-serialize/app.ts:19:6
      17 |   f: typeof f;
      18 |   g: B["b"];
    > 19 |   h: never;
         |      ^^^^^ Type cannot be converted to JSON schema
      20 |   i: symbol;
      21 |   j: void;
      22 | };

Error: Using a type that cannot be converted to JSON schema
/home/lucas/fluff/bff/packages/bff-wasm/fixtures/errors/cannot-serialize/app.ts:25:55
  23 |
  24 | export default {
> 25 |   [`/hello/{id}`]: { get: async (id: string): Promise<A> => todo() },
     |                                                       ^ A cannot be converted to JSON schema
  26 | };
  27 |

    Caused by:
    /home/lucas/fluff/bff/packages/bff-wasm/fixtures/errors/cannot-serialize/app.ts:20:6
      18 |   g: B["b"];
      19 |   h: never;
    > 20 |   i: symbol;
         |      ^^^^^^ Type cannot be converted to JSON schema
      21 |   j: void;
      22 | };
      23 |

Error: Using a type that cannot be converted to JSON schema
/home/lucas/fluff/bff/packages/bff-wasm/fixtures/errors/cannot-serialize/app.ts:25:55
  23 |
  24 | export default {
> 25 |   [`/hello/{id}`]: { get: async (id: string): Promise<A> => todo() },
     |                                                       ^ A cannot be converted to JSON schema
  26 | };
  27 |

    Caused by:
    /home/lucas/fluff/bff/packages/bff-wasm/fixtures/errors/cannot-serialize/app.ts:21:6
      19 |   h: never;
      20 |   i: symbol;
    > 21 |   j: void;
         |      ^^^^ Type cannot be converted to JSON schema
      22 | };
      23 |
      24 | export default {

Error
/home/lucas/fluff/bff/packages/bff-wasm/fixtures/errors/cannot-serialize/app.ts:25:4
  23 |
  24 | export default {
> 25 |   [`/hello/{id}`]: { get: async (id: string): Promise<A> => todo() },
     |    ^^^^^^^^^^^^^ ContextParameterMustBeFirst
  26 | };
  27 |

Found 11 errors