Error: 
   ╭─[/app.ts:6:24]
   │
 6 │   [`GET/user`]: async (...q: string[]): Promise<string> => {
   │                        ───────┬──────  
   │                               ╰──────── RestParameterMustBeTuple
───╯
Error: 
   ╭─[/app.ts:9:25]
   │
 9 │   [`GET/user1`]: async (...q: A<string>): Promise<string> => {
   │                         ───────┬───────  
   │                                ╰───────── TsTypeParametersNotSupported
───╯
Error: 
    ╭─[/app.ts:12:25]
    │
 12 │   [`GET/user2`]: async (...q: Y.B): Promise<string> => {
    │                         ────┬────  
    │                             ╰────── TsQualifiedNameNotSupported
────╯
Error: Failed to bundle
