Error: 
   ╭─[/app.ts:8:24]
   │
 8 │   [GET`/user`]: async (...q: string[]): Promise<string> => {
   │                        ───────┬──────  
   │                               ╰──────── RestParameterMustBeTuple
───╯
Error: 
    ╭─[/app.ts:11:24]
    │
 11 │   [GET`/user`]: async (...q: A<string>): Promise<string> => {
    │                        ───────┬───────  
    │                               ╰───────── TsTypeParametersNotSupported
────╯
Error: 
    ╭─[/app.ts:14:24]
    │
 14 │   [GET`/user`]: async (...q: Y.B): Promise<string> => {
    │                        ────┬────  
    │                            ╰────── TsQualifiedNameNotSupported
────╯
