panicked at /home/lucas/fluff/bff/packages/bff-core/src/type_resolve.rs:55:9:
not yet implemented

Stack:

Error
    at /home/lucas/fluff/bff/packages/bff-wasm/pkg/hello_wasm.js:364:17
    at logError (/home/lucas/fluff/bff/packages/bff-wasm/pkg/hello_wasm.js:205:18)
    at module.exports.__wbg_new_abda76e883ba8a5f (/home/lucas/fluff/bff/packages/bff-wasm/pkg/hello_wasm.js:363:65)
    at console_error_panic_hook::Error::new::h24a202ca2cd6f4e3 (wasm://wasm/02d44d26:wasm-function[16928]:0x8fa2da)
    at console_error_panic_hook::hook_impl::hbd017b1cd15b0ccd (wasm://wasm/02d44d26:wasm-function[3289]:0x6f2a13)
    at console_error_panic_hook::hook::h2d1bbfd1bba12fb3 (wasm://wasm/02d44d26:wasm-function[18170]:0x90bd0f)
    at core::ops::function::Fn::call::h060acb07aceb94e4 (wasm://wasm/02d44d26:wasm-function[15434]:0x8e3491)
    at std::panicking::rust_panic_with_hook::he4d11d009df2f45f (wasm://wasm/02d44d26:wasm-function[6642]:0x7e137d)
    at std::panicking::begin_panic_handler::{{closure}}::hdd0d58f31e4d53df (wasm://wasm/02d44d26:wasm-function[8754]:0x83f349)
    at std::sys_common::backtrace::__rust_end_short_backtrace::hd70f3cac19eb49f3 (wasm://wasm/02d44d26:wasm-function[20663]:0x923811)


wasm://wasm/02d44d26:1


RuntimeError: unreachable
    at __rust_start_panic (wasm://wasm/02d44d26:wasm-function[20705]:0x923907)
    at rust_panic (wasm://wasm/02d44d26:wasm-function[20496]:0x923083)
    at std::panicking::rust_panic_with_hook::he4d11d009df2f45f (wasm://wasm/02d44d26:wasm-function[6642]:0x7e13aa)
    at std::panicking::begin_panic_handler::{{closure}}::hdd0d58f31e4d53df (wasm://wasm/02d44d26:wasm-function[8754]:0x83f349)
    at std::sys_common::backtrace::__rust_end_short_backtrace::hd70f3cac19eb49f3 (wasm://wasm/02d44d26:wasm-function[20663]:0x923811)
    at rust_begin_unwind (wasm://wasm/02d44d26:wasm-function[12429]:0x8a9eb0)
    at core::panicking::panic_fmt::h157d8e2782a50057 (wasm://wasm/02d44d26:wasm-function[18051]:0x90a487)
    at core::panicking::panic::h84f3aeadc405be3e (wasm://wasm/02d44d26:wasm-function[15431]:0x8e33ce)
    at bff_core::type_resolve::TypeResolver<R>::resolve_namespace_type::h85b5eb46ae13476c (wasm://wasm/02d44d26:wasm-function[1652]:0x6176b8)
    at bff_core::type_to_schema::TypeToSchema<R>::get_qualified_type::h2fe3e6fe1bfe4303 (wasm://wasm/02d44d26:wasm-function[609]:0x4d1e4b)

Node.js v18.16.0