Error: 
   ╭─[/app.ts:8:24]
   │
 8 │   [`GET/user`]: async ([limit, offset]: string[]): Promise<User[]> => {
   │                        ────────────┬────────────  
   │                                    ╰────────────── ParameterPatternNotSupported
───╯
Error: 
    ╭─[/app.ts:11:25]
    │
 11 │   [`GET/user1`]: async ({ limit, offset }: any): Promise<User[]> => {
    │                         ───────────┬──────────  
    │                                    ╰──────────── ParameterPatternNotSupported
────╯
Error: 
    ╭─[/app.ts:14:25]
    │
 14 │   [`GET/user2`]: async (a: string[] = []): Promise<User[]> => {
    │                         ────────┬───────  
    │                                 ╰───────── ParameterPatternNotSupported
────╯
Error: Failed to bundle
